<?xml version="1.0" encoding="UTF-8"?>
<!-- Generated by org.testng.reporters.JUnitXMLReporter -->
<testsuite ignored="0" hostname="DESKTOP-CMKOKBU" failures="1" tests="3" name="Test" time="48.837" errors="0" timestamp="2023-02-22T09:46:56 IST">
  <testcase classname="movieDetailsValidation.WikipediaTest" name="wikiTest" time="13.271"/>
  <testcase classname="movieDetailsValidation.ImdbTest" name="mainExecution" time="21.893"/>
  <testcase classname="movieDetailsValidation.ValidateTest" name="validateTest" time="0.102">
    <failure type="java.lang.AssertionError" message="null">
      <![CDATA[java.lang.AssertionError: null
at com.GenricUtility.ExcelUtility.writeDataToExcel(ExcelUtility.java:54)
at movieDetailsValidation.ValidateTest.validateTest(ValidateTest.java:12)
at java.base/java.util.ArrayList.forEach(ArrayList.java:1511)
... Removed 29 stack frames]]>
    </failure>
  </testcase> <!-- validateTest -->
</testsuite> <!-- Test -->
